Checker passed. Start with 0.0 points.
=================================
4X4, first column tests pass
Passed HW1-tests/four-first.txt
Score is now 4.0
=============================================
Solution has failed on an input. This input is given in your solution folder.
An example output is also given in your directory.Messages from verifier script follows. This should give some description of why your solution is incorrect.
====================================
For input: 6 1 3
Your output file says: No solution
But there is a solution: 1 3 2 6 3 2 4 5 5 1 6 4 
FAIL

===========================================
Final score
4


************ 2nd submission **************
Checker passed. Start with 0.0 points.
=================================
4X4, first column tests pass
Passed HW1-tests/four-first.txt
Score is now 4.0
=============================================
Up to 6X6, first column tests pass
Passed HW1-tests/five-six-first.txt
Score is now 6.0
=============================================
8X8, first column tests pass
Passed HW1-tests/eight-first.txt
Score is now 7.0
=============================================
Up to 11X11, first column tests pass
Passed HW1-tests/ten-eleven-first.txt
Score is now 8.0
=============================================
Up to 8X8, all tests pass
Passed HW1-tests/six-eight-all.txt
Score is now 9.0
=============================================
Up to 10X10, all tests pass
Passed HW1-tests/ten-all.txt
Score is now 10.0
=============================================
Solution has passed all tests. The ordeal is over, you can take a breath now.
Final score, mostly likely half a score
10
============================================= 
New score after 2nd submission, updated on 11/12 
 = floor(max(grade, grade + ((new_grade - grade) / 2)))
7